2021-09-07 17:41:16.742 executePayment                 --- TokenKey []  bankCode [] vn.vnpay.preprocess.service.impl.PaymentServiceImpl : begin executePayment
2021-09-07 17:41:16.758 checkValidPayment              --- TokenKey []  bankCode [] vn.vnpay.preprocess.service.impl.PaymentServiceImpl : begin checkValidPayment
2021-09-07 17:41:16.759 checkBankCode                  --- TokenKey []  bankCode [] vn.vnpay.preprocess.service.impl.PaymentServiceImpl : begin checkBankCode
2021-09-07 17:41:16.771 checkBankCode                  --- TokenKey []  bankCode [VNPAY] vn.vnpay.preprocess.service.impl.PaymentServiceImpl : end checkBankCode
2021-09-07 17:41:16.772 checkDuplicateToken            --- TokenKey []  bankCode [VNPAY] vn.vnpay.preprocess.service.impl.PaymentServiceImpl : begin checkDuplicateToken
2021-09-07 17:41:16.773 checkDuplicateToken            --- TokenKey []  bankCode [VNPAY] vn.vnpay.preprocess.service.impl.PaymentServiceImpl : end checkDuplicateToken
2021-09-07 17:41:16.774 checkRealAmount                --- TokenKey []  bankCode [VNPAY] vn.vnpay.preprocess.service.impl.PaymentServiceImpl : begin checkRealAmount
2021-09-07 17:41:16.774 checkRealAmount                --- TokenKey []  bankCode [VNPAY] vn.vnpay.preprocess.service.impl.PaymentServiceImpl : end checkRealAmount
2021-09-07 17:41:16.775 checkPromotionCode             --- TokenKey []  bankCode [VNPAY] vn.vnpay.preprocess.service.impl.PaymentServiceImpl : begin checkPromotionCode
2021-09-07 17:41:16.776 checkPromotionCode             --- TokenKey []  bankCode [VNPAY] vn.vnpay.preprocess.service.impl.PaymentServiceImpl : end checkPromotionCode
2021-09-07 17:41:16.777 checkMatchCheckSum             --- TokenKey []  bankCode [VNPAY] vn.vnpay.preprocess.service.impl.PaymentServiceImpl : begin checkMatchCheckSum
2021-09-07 17:41:16.805 checkMatchCheckSum             --- TokenKey []  bankCode [VNPAY] vn.vnpay.preprocess.service.impl.PaymentServiceImpl : end checkMatchCheckSum
2021-09-07 17:41:16.806 checkValidPayment              --- TokenKey []  bankCode [VNPAY] vn.vnpay.preprocess.service.impl.PaymentServiceImpl : end checkValidPayment
2021-09-07 17:41:16.929 sendRabbitMQ                   --- TokenKey []  bankCode [VNPAY] vn.vnpay.preprocess.service.impl.PaymentServiceImpl : begin sendRabbitMQ
2021-09-07 17:41:16.950 sendRabbitMQ                   --- TokenKey []  bankCode [VNPAY] vn.vnpay.preprocess.service.impl.PaymentServiceImpl : end sendRabbitMQ
2021-09-07 17:41:16.950 executePayment                 --- TokenKey []  bankCode [VNPAY] vn.vnpay.preprocess.service.impl.PaymentServiceImpl : end executePayment
2021-09-07 17:41:17.239 executePayment                 --- TokenKey []  bankCode [VNPAY] vn.vnpay.preprocess.service.impl.PaymentServiceImpl : begin executePayment
2021-09-07 17:41:17.239 checkValidPayment              --- TokenKey []  bankCode [VNPAY] vn.vnpay.preprocess.service.impl.PaymentServiceImpl : begin checkValidPayment
2021-09-07 17:41:17.240 checkBankCode                  --- TokenKey []  bankCode [VNPAY] vn.vnpay.preprocess.service.impl.PaymentServiceImpl : begin checkBankCode
2021-09-07 17:41:17.241 checkBankCode                  --- TokenKey []  bankCode [VNPAY] vn.vnpay.preprocess.service.impl.PaymentServiceImpl : end checkBankCode
2021-09-07 17:41:17.241 checkDuplicateToken            --- TokenKey []  bankCode [VNPAY] vn.vnpay.preprocess.service.impl.PaymentServiceImpl : begin checkDuplicateToken
2021-09-07 17:41:17.242 checkDuplicateToken            --- TokenKey []  bankCode [VNPAY] vn.vnpay.preprocess.service.impl.PaymentServiceImpl : end checkDuplicateToken
2021-09-07 17:41:17.244 checkRealAmount                --- TokenKey []  bankCode [VNPAY] vn.vnpay.preprocess.service.impl.PaymentServiceImpl : begin checkRealAmount
2021-09-07 17:41:17.244 checkRealAmount                --- TokenKey []  bankCode [VNPAY] vn.vnpay.preprocess.service.impl.PaymentServiceImpl : end checkRealAmount
2021-09-07 17:41:17.245 checkPromotionCode             --- TokenKey []  bankCode [VNPAY] vn.vnpay.preprocess.service.impl.PaymentServiceImpl : begin checkPromotionCode
2021-09-07 17:41:17.245 checkPromotionCode             --- TokenKey []  bankCode [VNPAY] vn.vnpay.preprocess.service.impl.PaymentServiceImpl : end checkPromotionCode
2021-09-07 17:41:17.247 checkMatchCheckSum             --- TokenKey []  bankCode [VNPAY] vn.vnpay.preprocess.service.impl.PaymentServiceImpl : begin checkMatchCheckSum
2021-09-07 17:41:17.248 checkMatchCheckSum             --- TokenKey []  bankCode [VNPAY] vn.vnpay.preprocess.service.impl.PaymentServiceImpl : end checkMatchCheckSum
2021-09-07 17:41:17.248 checkValidPayment              --- TokenKey []  bankCode [VNPAY] vn.vnpay.preprocess.service.impl.PaymentServiceImpl : end checkValidPayment
2021-09-07 17:41:17.249 sendRabbitMQ                   --- TokenKey []  bankCode [VNPAY] vn.vnpay.preprocess.service.impl.PaymentServiceImpl : begin sendRabbitMQ
2021-09-07 17:41:17.250 sendRabbitMQ                   --- TokenKey []  bankCode [VNPAY] vn.vnpay.preprocess.service.impl.PaymentServiceImpl : end sendRabbitMQ
2021-09-07 17:41:17.250 executePayment                 --- TokenKey []  bankCode [VNPAY] vn.vnpay.preprocess.service.impl.PaymentServiceImpl : end executePayment
2021-09-07 17:41:17.264 executePayment                 --- TokenKey []  bankCode [VNPAY] vn.vnpay.preprocess.service.impl.PaymentServiceImpl : begin executePayment
2021-09-07 17:41:17.264 checkValidPayment              --- TokenKey []  bankCode [VNPAY] vn.vnpay.preprocess.service.impl.PaymentServiceImpl : begin checkValidPayment
2021-09-07 17:41:17.265 checkBankCode                  --- TokenKey []  bankCode [VNPAY] vn.vnpay.preprocess.service.impl.PaymentServiceImpl : begin checkBankCode
2021-09-07 17:41:17.266 checkBankCode                  --- TokenKey []  bankCode [VNPAY] vn.vnpay.preprocess.service.impl.PaymentServiceImpl : end checkBankCode
2021-09-07 17:41:17.266 checkDuplicateToken            --- TokenKey []  bankCode [VNPAY] vn.vnpay.preprocess.service.impl.PaymentServiceImpl : begin checkDuplicateToken
2021-09-07 17:41:17.267 checkDuplicateToken            --- TokenKey []  bankCode [VNPAY] vn.vnpay.preprocess.service.impl.PaymentServiceImpl : end checkDuplicateToken
2021-09-07 17:41:17.267 checkRealAmount                --- TokenKey []  bankCode [VNPAY] vn.vnpay.preprocess.service.impl.PaymentServiceImpl : begin checkRealAmount
2021-09-07 17:41:17.267 checkRealAmount                --- TokenKey []  bankCode [VNPAY] vn.vnpay.preprocess.service.impl.PaymentServiceImpl : end checkRealAmount
2021-09-07 17:41:17.267 checkPromotionCode             --- TokenKey []  bankCode [VNPAY] vn.vnpay.preprocess.service.impl.PaymentServiceImpl : begin checkPromotionCode
2021-09-07 17:41:17.268 checkPromotionCode             --- TokenKey []  bankCode [VNPAY] vn.vnpay.preprocess.service.impl.PaymentServiceImpl : end checkPromotionCode
2021-09-07 17:41:17.268 checkMatchCheckSum             --- TokenKey []  bankCode [VNPAY] vn.vnpay.preprocess.service.impl.PaymentServiceImpl : begin checkMatchCheckSum
2021-09-07 17:41:17.268 checkMatchCheckSum             --- TokenKey []  bankCode [VNPAY] vn.vnpay.preprocess.service.impl.PaymentServiceImpl : end checkMatchCheckSum
2021-09-07 17:41:17.269 checkValidPayment              --- TokenKey []  bankCode [VNPAY] vn.vnpay.preprocess.service.impl.PaymentServiceImpl : end checkValidPayment
2021-09-07 17:41:17.269 sendRabbitMQ                   --- TokenKey []  bankCode [VNPAY] vn.vnpay.preprocess.service.impl.PaymentServiceImpl : begin sendRabbitMQ
2021-09-07 17:41:17.270 sendRabbitMQ                   --- TokenKey []  bankCode [VNPAY] vn.vnpay.preprocess.service.impl.PaymentServiceImpl : end sendRabbitMQ
2021-09-07 17:41:17.270 executePayment                 --- TokenKey []  bankCode [VNPAY] vn.vnpay.preprocess.service.impl.PaymentServiceImpl : end executePayment
2021-09-07 17:41:17.281 executePayment                 --- TokenKey []  bankCode [VNPAY] vn.vnpay.preprocess.service.impl.PaymentServiceImpl : begin executePayment
2021-09-07 17:41:17.282 checkValidPayment              --- TokenKey []  bankCode [VNPAY] vn.vnpay.preprocess.service.impl.PaymentServiceImpl : begin checkValidPayment
2021-09-07 17:41:17.282 checkBankCode                  --- TokenKey []  bankCode [VNPAY] vn.vnpay.preprocess.service.impl.PaymentServiceImpl : begin checkBankCode
2021-09-07 17:41:17.283 checkBankCode                  --- TokenKey []  bankCode [VNPAY] vn.vnpay.preprocess.service.impl.PaymentServiceImpl : end checkBankCode
2021-09-07 17:41:17.283 checkDuplicateToken            --- TokenKey []  bankCode [VNPAY] vn.vnpay.preprocess.service.impl.PaymentServiceImpl : begin checkDuplicateToken
2021-09-07 17:41:17.284 checkDuplicateToken            --- TokenKey []  bankCode [VNPAY] vn.vnpay.preprocess.service.impl.PaymentServiceImpl : end checkDuplicateToken
2021-09-07 17:41:17.284 checkRealAmount                --- TokenKey []  bankCode [VNPAY] vn.vnpay.preprocess.service.impl.PaymentServiceImpl : begin checkRealAmount
2021-09-07 17:41:17.284 checkRealAmount                --- TokenKey []  bankCode [VNPAY] vn.vnpay.preprocess.service.impl.PaymentServiceImpl : end checkRealAmount
2021-09-07 17:41:17.285 checkPromotionCode             --- TokenKey []  bankCode [VNPAY] vn.vnpay.preprocess.service.impl.PaymentServiceImpl : begin checkPromotionCode
2021-09-07 17:41:17.285 checkPromotionCode             --- TokenKey []  bankCode [VNPAY] vn.vnpay.preprocess.service.impl.PaymentServiceImpl : end checkPromotionCode
2021-09-07 17:41:17.286 checkMatchCheckSum             --- TokenKey []  bankCode [VNPAY] vn.vnpay.preprocess.service.impl.PaymentServiceImpl : begin checkMatchCheckSum
2021-09-07 17:41:17.286 checkMatchCheckSum             --- TokenKey []  bankCode [VNPAY] vn.vnpay.preprocess.service.impl.PaymentServiceImpl : end checkMatchCheckSum
2021-09-07 17:41:17.287 checkValidPayment              --- TokenKey []  bankCode [VNPAY] vn.vnpay.preprocess.service.impl.PaymentServiceImpl : end checkValidPayment
2021-09-07 17:41:17.287 sendRabbitMQ                   --- TokenKey []  bankCode [VNPAY] vn.vnpay.preprocess.service.impl.PaymentServiceImpl : begin sendRabbitMQ
2021-09-07 17:41:17.288 sendRabbitMQ                   --- TokenKey []  bankCode [VNPAY] vn.vnpay.preprocess.service.impl.PaymentServiceImpl : end sendRabbitMQ
2021-09-07 17:41:17.289 executePayment                 --- TokenKey []  bankCode [VNPAY] vn.vnpay.preprocess.service.impl.PaymentServiceImpl : end executePayment
2021-09-07 17:42:02.604 executePayment                 --- TokenKey []  bankCode [] vn.vnpay.preprocess.service.impl.PaymentServiceImpl : begin executePayment
2021-09-07 17:42:02.617 checkValidPayment              --- TokenKey []  bankCode [] vn.vnpay.preprocess.service.impl.PaymentServiceImpl : begin checkValidPayment
2021-09-07 17:42:02.617 checkBankCode                  --- TokenKey []  bankCode [] vn.vnpay.preprocess.service.impl.PaymentServiceImpl : begin checkBankCode
2021-09-07 17:42:02.627 checkBankCode                  --- TokenKey []  bankCode [VNPAY] vn.vnpay.preprocess.service.impl.PaymentServiceImpl : end checkBankCode
2021-09-07 17:42:02.627 checkDuplicateToken            --- TokenKey []  bankCode [VNPAY] vn.vnpay.preprocess.service.impl.PaymentServiceImpl : begin checkDuplicateToken
2021-09-07 17:42:02.628 checkDuplicateToken            --- TokenKey []  bankCode [VNPAY] vn.vnpay.preprocess.service.impl.PaymentServiceImpl : end checkDuplicateToken
2021-09-07 17:42:02.628 checkRealAmount                --- TokenKey []  bankCode [VNPAY] vn.vnpay.preprocess.service.impl.PaymentServiceImpl : begin checkRealAmount
2021-09-07 17:42:02.629 checkRealAmount                --- TokenKey []  bankCode [VNPAY] vn.vnpay.preprocess.service.impl.PaymentServiceImpl : end checkRealAmount
2021-09-07 17:42:02.629 checkPromotionCode             --- TokenKey []  bankCode [VNPAY] vn.vnpay.preprocess.service.impl.PaymentServiceImpl : begin checkPromotionCode
2021-09-07 17:42:02.630 checkPromotionCode             --- TokenKey []  bankCode [VNPAY] vn.vnpay.preprocess.service.impl.PaymentServiceImpl : end checkPromotionCode
2021-09-07 17:42:02.630 checkMatchCheckSum             --- TokenKey []  bankCode [VNPAY] vn.vnpay.preprocess.service.impl.PaymentServiceImpl : begin checkMatchCheckSum
2021-09-07 17:42:02.657 checkMatchCheckSum             --- TokenKey []  bankCode [VNPAY] vn.vnpay.preprocess.service.impl.PaymentServiceImpl : end checkMatchCheckSum
2021-09-07 17:42:02.658 checkValidPayment              --- TokenKey []  bankCode [VNPAY] vn.vnpay.preprocess.service.impl.PaymentServiceImpl : end checkValidPayment
2021-09-07 17:42:02.895 sendRabbitMQ                   --- TokenKey []  bankCode [VNPAY] vn.vnpay.preprocess.service.impl.PaymentServiceImpl : begin sendRabbitMQ
2021-09-07 17:42:02.899 sendRabbitMQ                   --- TokenKey []  bankCode [VNPAY] vn.vnpay.preprocess.service.impl.PaymentServiceImpl : end sendRabbitMQ
2021-09-07 17:42:02.899 executePayment                 --- TokenKey []  bankCode [VNPAY] vn.vnpay.preprocess.service.impl.PaymentServiceImpl : end executePayment
2021-09-07 17:53:31.791 executePayment                 --- TokenKey []  bankCode [] vn.vnpay.preprocess.service.impl.PaymentServiceImpl : begin executePayment
2021-09-07 17:53:31.807 checkValidPayment              --- TokenKey []  bankCode [] vn.vnpay.preprocess.service.impl.PaymentServiceImpl : begin checkValidPayment
2021-09-07 17:53:31.808 checkBankCode                  --- TokenKey []  bankCode [] vn.vnpay.preprocess.service.impl.PaymentServiceImpl : begin checkBankCode
2021-09-07 17:53:31.817 checkBankCode                  --- TokenKey []  bankCode [VNPAY] vn.vnpay.preprocess.service.impl.PaymentServiceImpl : end checkBankCode
2021-09-07 17:53:31.818 checkDuplicateToken            --- TokenKey []  bankCode [VNPAY] vn.vnpay.preprocess.service.impl.PaymentServiceImpl : begin checkDuplicateToken
2021-09-07 17:53:31.819 checkDuplicateToken            --- TokenKey []  bankCode [VNPAY] vn.vnpay.preprocess.service.impl.PaymentServiceImpl : end checkDuplicateToken
2021-09-07 17:53:31.819 checkRealAmount                --- TokenKey []  bankCode [VNPAY] vn.vnpay.preprocess.service.impl.PaymentServiceImpl : begin checkRealAmount
2021-09-07 17:53:31.820 checkRealAmount                --- TokenKey []  bankCode [VNPAY] vn.vnpay.preprocess.service.impl.PaymentServiceImpl : end checkRealAmount
2021-09-07 17:53:31.820 checkPromotionCode             --- TokenKey []  bankCode [VNPAY] vn.vnpay.preprocess.service.impl.PaymentServiceImpl : begin checkPromotionCode
2021-09-07 17:53:31.821 checkPromotionCode             --- TokenKey []  bankCode [VNPAY] vn.vnpay.preprocess.service.impl.PaymentServiceImpl : end checkPromotionCode
2021-09-07 17:53:31.822 checkMatchCheckSum             --- TokenKey []  bankCode [VNPAY] vn.vnpay.preprocess.service.impl.PaymentServiceImpl : begin checkMatchCheckSum
2021-09-07 17:53:31.838 checkMatchCheckSum             --- TokenKey []  bankCode [VNPAY] vn.vnpay.preprocess.service.impl.PaymentServiceImpl : end checkMatchCheckSum
2021-09-07 17:53:31.839 checkValidPayment              --- TokenKey []  bankCode [VNPAY] vn.vnpay.preprocess.service.impl.PaymentServiceImpl : end checkValidPayment
2021-09-07 17:53:31.966 sendRabbitMQ                   --- TokenKey []  bankCode [VNPAY] vn.vnpay.preprocess.service.impl.PaymentServiceImpl : begin sendRabbitMQ
2021-09-07 18:00:51.683 executePayment                 --- TokenKey []  bankCode [] vn.vnpay.preprocess.service.impl.PaymentServiceImpl : begin executePayment
2021-09-07 18:00:51.698 checkValidPayment              --- TokenKey []  bankCode [] vn.vnpay.preprocess.service.impl.PaymentServiceImpl : begin checkValidPayment
2021-09-07 18:00:51.698 checkBankCode                  --- TokenKey []  bankCode [] vn.vnpay.preprocess.service.impl.PaymentServiceImpl : begin checkBankCode
2021-09-07 18:00:51.706 checkBankCode                  --- TokenKey []  bankCode [VNPAY] vn.vnpay.preprocess.service.impl.PaymentServiceImpl : end checkBankCode
2021-09-07 18:00:51.707 checkDuplicateToken            --- TokenKey []  bankCode [VNPAY] vn.vnpay.preprocess.service.impl.PaymentServiceImpl : begin checkDuplicateToken
2021-09-07 18:00:51.707 checkDuplicateToken            --- TokenKey []  bankCode [VNPAY] vn.vnpay.preprocess.service.impl.PaymentServiceImpl : end checkDuplicateToken
2021-09-07 18:00:51.708 checkRealAmount                --- TokenKey []  bankCode [VNPAY] vn.vnpay.preprocess.service.impl.PaymentServiceImpl : begin checkRealAmount
2021-09-07 18:00:51.847 executePayment                 --- TokenKey []  bankCode [VNPAY] vn.vnpay.preprocess.service.impl.PaymentServiceImpl : begin executePayment
2021-09-07 18:00:51.847 checkValidPayment              --- TokenKey []  bankCode [VNPAY] vn.vnpay.preprocess.service.impl.PaymentServiceImpl : begin checkValidPayment
2021-09-07 18:00:51.848 checkBankCode                  --- TokenKey []  bankCode [VNPAY] vn.vnpay.preprocess.service.impl.PaymentServiceImpl : begin checkBankCode
2021-09-07 18:00:51.848 checkBankCode                  --- TokenKey []  bankCode [VNPAY] vn.vnpay.preprocess.service.impl.PaymentServiceImpl : end checkBankCode
2021-09-07 18:00:51.849 checkDuplicateToken            --- TokenKey []  bankCode [VNPAY] vn.vnpay.preprocess.service.impl.PaymentServiceImpl : begin checkDuplicateToken
2021-09-07 18:00:51.849 checkDuplicateToken            --- TokenKey []  bankCode [VNPAY] vn.vnpay.preprocess.service.impl.PaymentServiceImpl : end checkDuplicateToken
2021-09-07 18:00:51.849 checkRealAmount                --- TokenKey []  bankCode [VNPAY] vn.vnpay.preprocess.service.impl.PaymentServiceImpl : begin checkRealAmount
2021-09-07 18:00:51.849 checkRealAmount                --- TokenKey []  bankCode [VNPAY] vn.vnpay.preprocess.service.impl.PaymentServiceImpl : end checkRealAmount
2021-09-07 18:00:51.850 checkPromotionCode             --- TokenKey []  bankCode [VNPAY] vn.vnpay.preprocess.service.impl.PaymentServiceImpl : begin checkPromotionCode
2021-09-07 18:00:51.850 checkPromotionCode             --- TokenKey []  bankCode [VNPAY] vn.vnpay.preprocess.service.impl.PaymentServiceImpl : end checkPromotionCode
2021-09-07 18:00:51.850 checkMatchCheckSum             --- TokenKey []  bankCode [VNPAY] vn.vnpay.preprocess.service.impl.PaymentServiceImpl : begin checkMatchCheckSum
2021-09-07 18:00:51.868 checkMatchCheckSum             --- TokenKey []  bankCode [VNPAY] vn.vnpay.preprocess.service.impl.PaymentServiceImpl : end checkMatchCheckSum
2021-09-07 18:00:51.868 checkValidPayment              --- TokenKey []  bankCode [VNPAY] vn.vnpay.preprocess.service.impl.PaymentServiceImpl : end checkValidPayment
2021-09-07 18:00:52.004 sendRabbitMQ                   --- TokenKey []  bankCode [VNPAY] vn.vnpay.preprocess.service.impl.PaymentServiceImpl : begin sendRabbitMQ
2021-09-07 18:00:52.016 executePayment                 --- TokenKey []  bankCode [VNPAY] vn.vnpay.preprocess.service.impl.PaymentServiceImpl : begin executePayment
2021-09-07 18:00:52.016 checkValidPayment              --- TokenKey []  bankCode [VNPAY] vn.vnpay.preprocess.service.impl.PaymentServiceImpl : begin checkValidPayment
2021-09-07 18:00:52.016 checkBankCode                  --- TokenKey []  bankCode [VNPAY] vn.vnpay.preprocess.service.impl.PaymentServiceImpl : begin checkBankCode
2021-09-07 18:00:52.017 checkBankCode                  --- TokenKey []  bankCode [VNPAY] vn.vnpay.preprocess.service.impl.PaymentServiceImpl : end checkBankCode
2021-09-07 18:00:52.017 checkDuplicateToken            --- TokenKey []  bankCode [VNPAY] vn.vnpay.preprocess.service.impl.PaymentServiceImpl : begin checkDuplicateToken
2021-09-07 18:00:52.017 checkDuplicateToken            --- TokenKey []  bankCode [VNPAY] vn.vnpay.preprocess.service.impl.PaymentServiceImpl : end checkDuplicateToken
2021-09-07 18:00:52.018 checkRealAmount                --- TokenKey []  bankCode [VNPAY] vn.vnpay.preprocess.service.impl.PaymentServiceImpl : begin checkRealAmount
2021-09-07 18:00:52.018 checkRealAmount                --- TokenKey []  bankCode [VNPAY] vn.vnpay.preprocess.service.impl.PaymentServiceImpl : end checkRealAmount
2021-09-07 18:00:52.018 checkPromotionCode             --- TokenKey []  bankCode [VNPAY] vn.vnpay.preprocess.service.impl.PaymentServiceImpl : begin checkPromotionCode
2021-09-07 18:00:52.018 checkPromotionCode             --- TokenKey []  bankCode [VNPAY] vn.vnpay.preprocess.service.impl.PaymentServiceImpl : end checkPromotionCode
2021-09-07 18:00:52.019 checkMatchCheckSum             --- TokenKey []  bankCode [VNPAY] vn.vnpay.preprocess.service.impl.PaymentServiceImpl : begin checkMatchCheckSum
2021-09-07 18:00:52.019 checkMatchCheckSum             --- TokenKey []  bankCode [VNPAY] vn.vnpay.preprocess.service.impl.PaymentServiceImpl : end checkMatchCheckSum
2021-09-07 18:00:52.022 checkValidPayment              --- TokenKey []  bankCode [VNPAY] vn.vnpay.preprocess.service.impl.PaymentServiceImpl : end checkValidPayment
2021-09-07 18:00:52.023 sendRabbitMQ                   --- TokenKey []  bankCode [VNPAY] vn.vnpay.preprocess.service.impl.PaymentServiceImpl : begin sendRabbitMQ
2021-09-07 18:00:52.024 sendRabbitMQ                   --- TokenKey []  bankCode [VNPAY] vn.vnpay.preprocess.service.impl.PaymentServiceImpl : end sendRabbitMQ
2021-09-07 18:00:52.024 executePayment                 --- TokenKey []  bankCode [VNPAY] vn.vnpay.preprocess.service.impl.PaymentServiceImpl : end executePayment
2021-09-07 18:00:52.037 executePayment                 --- TokenKey []  bankCode [VNPAY] vn.vnpay.preprocess.service.impl.PaymentServiceImpl : begin executePayment
2021-09-07 18:00:52.037 checkValidPayment              --- TokenKey []  bankCode [VNPAY] vn.vnpay.preprocess.service.impl.PaymentServiceImpl : begin checkValidPayment
2021-09-07 18:00:52.038 checkBankCode                  --- TokenKey []  bankCode [VNPAY] vn.vnpay.preprocess.service.impl.PaymentServiceImpl : begin checkBankCode
2021-09-07 18:00:52.039 checkBankCode                  --- TokenKey []  bankCode [VNPAY] vn.vnpay.preprocess.service.impl.PaymentServiceImpl : end checkBankCode
2021-09-07 18:00:52.040 checkDuplicateToken            --- TokenKey []  bankCode [VNPAY] vn.vnpay.preprocess.service.impl.PaymentServiceImpl : begin checkDuplicateToken
2021-09-07 18:00:52.041 checkDuplicateToken            --- TokenKey []  bankCode [VNPAY] vn.vnpay.preprocess.service.impl.PaymentServiceImpl : end checkDuplicateToken
2021-09-07 18:00:52.041 checkRealAmount                --- TokenKey []  bankCode [VNPAY] vn.vnpay.preprocess.service.impl.PaymentServiceImpl : begin checkRealAmount
2021-09-07 18:00:52.041 checkRealAmount                --- TokenKey []  bankCode [VNPAY] vn.vnpay.preprocess.service.impl.PaymentServiceImpl : end checkRealAmount
2021-09-07 18:00:52.042 checkPromotionCode             --- TokenKey []  bankCode [VNPAY] vn.vnpay.preprocess.service.impl.PaymentServiceImpl : begin checkPromotionCode
2021-09-07 18:00:52.042 checkPromotionCode             --- TokenKey []  bankCode [VNPAY] vn.vnpay.preprocess.service.impl.PaymentServiceImpl : end checkPromotionCode
2021-09-07 18:00:52.042 checkMatchCheckSum             --- TokenKey []  bankCode [VNPAY] vn.vnpay.preprocess.service.impl.PaymentServiceImpl : begin checkMatchCheckSum
2021-09-07 18:00:52.043 checkMatchCheckSum             --- TokenKey []  bankCode [VNPAY] vn.vnpay.preprocess.service.impl.PaymentServiceImpl : end checkMatchCheckSum
2021-09-07 18:00:52.043 checkValidPayment              --- TokenKey []  bankCode [VNPAY] vn.vnpay.preprocess.service.impl.PaymentServiceImpl : end checkValidPayment
2021-09-07 18:00:52.044 sendRabbitMQ                   --- TokenKey []  bankCode [VNPAY] vn.vnpay.preprocess.service.impl.PaymentServiceImpl : begin sendRabbitMQ
2021-09-07 18:00:52.044 sendRabbitMQ                   --- TokenKey []  bankCode [VNPAY] vn.vnpay.preprocess.service.impl.PaymentServiceImpl : end sendRabbitMQ
2021-09-07 18:00:52.044 executePayment                 --- TokenKey []  bankCode [VNPAY] vn.vnpay.preprocess.service.impl.PaymentServiceImpl : end executePayment
2021-09-07 18:03:56.271 executePayment                 --- TokenKey []  bankCode [] vn.vnpay.preprocess.service.impl.PaymentServiceImpl : begin executePayment
2021-09-07 18:03:56.288 checkValidPayment              --- TokenKey []  bankCode [] vn.vnpay.preprocess.service.impl.PaymentServiceImpl : begin checkValidPayment
2021-09-07 18:03:56.289 checkBankCode                  --- TokenKey []  bankCode [] vn.vnpay.preprocess.service.impl.PaymentServiceImpl : begin checkBankCode
2021-09-07 18:03:56.303 checkBankCode                  --- TokenKey []  bankCode [VNPAY] vn.vnpay.preprocess.service.impl.PaymentServiceImpl : end checkBankCode
2021-09-07 18:03:56.304 checkDuplicateToken            --- TokenKey []  bankCode [VNPAY] vn.vnpay.preprocess.service.impl.PaymentServiceImpl : begin checkDuplicateToken
2021-09-07 18:03:56.304 checkDuplicateToken            --- TokenKey []  bankCode [VNPAY] vn.vnpay.preprocess.service.impl.PaymentServiceImpl : end checkDuplicateToken
2021-09-07 18:03:56.305 checkRealAmount                --- TokenKey []  bankCode [VNPAY] vn.vnpay.preprocess.service.impl.PaymentServiceImpl : begin checkRealAmount
2021-09-07 18:03:56.306 checkRealAmount                --- TokenKey []  bankCode [VNPAY] vn.vnpay.preprocess.service.impl.PaymentServiceImpl : end checkRealAmount
2021-09-07 18:03:56.306 checkPromotionCode             --- TokenKey []  bankCode [VNPAY] vn.vnpay.preprocess.service.impl.PaymentServiceImpl : begin checkPromotionCode
2021-09-07 18:04:28.039 executePayment                 --- TokenKey []  bankCode [] vn.vnpay.preprocess.service.impl.PaymentServiceImpl : begin executePayment
2021-09-07 18:04:28.057 checkValidPayment              --- TokenKey []  bankCode [] vn.vnpay.preprocess.service.impl.PaymentServiceImpl : begin checkValidPayment
2021-09-07 18:04:28.058 checkBankCode                  --- TokenKey []  bankCode [] vn.vnpay.preprocess.service.impl.PaymentServiceImpl : begin checkBankCode
2021-09-07 18:04:28.068 checkBankCode                  --- TokenKey []  bankCode [VNPAY] vn.vnpay.preprocess.service.impl.PaymentServiceImpl : end checkBankCode
2021-09-07 18:04:28.069 checkDuplicateToken            --- TokenKey []  bankCode [VNPAY] vn.vnpay.preprocess.service.impl.PaymentServiceImpl : begin checkDuplicateToken
2021-09-07 18:04:28.070 checkDuplicateToken            --- TokenKey []  bankCode [VNPAY] vn.vnpay.preprocess.service.impl.PaymentServiceImpl : end checkDuplicateToken
2021-09-07 18:04:28.070 checkRealAmount                --- TokenKey []  bankCode [VNPAY] vn.vnpay.preprocess.service.impl.PaymentServiceImpl : begin checkRealAmount
2021-09-07 18:04:28.071 checkRealAmount                --- TokenKey []  bankCode [VNPAY] vn.vnpay.preprocess.service.impl.PaymentServiceImpl : end checkRealAmount
2021-09-07 18:04:28.072 checkPromotionCode             --- TokenKey []  bankCode [VNPAY] vn.vnpay.preprocess.service.impl.PaymentServiceImpl : begin checkPromotionCode
2021-09-07 18:06:59.763 executePayment                 --- TokenKey []  bankCode [] vn.vnpay.preprocess.service.impl.PaymentServiceImpl : begin executePayment
2021-09-07 18:06:59.774 checkValidPayment              --- TokenKey []  bankCode [] vn.vnpay.preprocess.service.impl.PaymentServiceImpl : begin checkValidPayment
2021-09-07 18:06:59.775 checkBankCode                  --- TokenKey []  bankCode [] vn.vnpay.preprocess.service.impl.PaymentServiceImpl : begin checkBankCode
2021-09-07 18:06:59.784 checkBankCode                  --- TokenKey []  bankCode [VNPAY] vn.vnpay.preprocess.service.impl.PaymentServiceImpl : end checkBankCode
2021-09-07 18:06:59.784 checkDuplicateToken            --- TokenKey []  bankCode [VNPAY] vn.vnpay.preprocess.service.impl.PaymentServiceImpl : begin checkDuplicateToken
2021-09-07 18:06:59.785 checkDuplicateToken            --- TokenKey []  bankCode [VNPAY] vn.vnpay.preprocess.service.impl.PaymentServiceImpl : end checkDuplicateToken
2021-09-07 18:06:59.785 checkRealAmount                --- TokenKey []  bankCode [VNPAY] vn.vnpay.preprocess.service.impl.PaymentServiceImpl : begin checkRealAmount
2021-09-07 18:06:59.786 checkRealAmount                --- TokenKey []  bankCode [VNPAY] vn.vnpay.preprocess.service.impl.PaymentServiceImpl : end checkRealAmount
2021-09-07 18:06:59.786 checkPromotionCode             --- TokenKey []  bankCode [VNPAY] vn.vnpay.preprocess.service.impl.PaymentServiceImpl : begin checkPromotionCode
2021-09-07 18:07:33.177 executePayment                 --- TokenKey []  bankCode [] vn.vnpay.preprocess.service.impl.PaymentServiceImpl : begin executePayment
2021-09-07 18:07:33.189 checkValidPayment              --- TokenKey []  bankCode [] vn.vnpay.preprocess.service.impl.PaymentServiceImpl : begin checkValidPayment
2021-09-07 18:07:33.190 checkBankCode                  --- TokenKey []  bankCode [] vn.vnpay.preprocess.service.impl.PaymentServiceImpl : begin checkBankCode
2021-09-07 18:07:33.198 checkBankCode                  --- TokenKey []  bankCode [VNPAY] vn.vnpay.preprocess.service.impl.PaymentServiceImpl : end checkBankCode
2021-09-07 18:07:33.198 checkDuplicateToken            --- TokenKey []  bankCode [VNPAY] vn.vnpay.preprocess.service.impl.PaymentServiceImpl : begin checkDuplicateToken
2021-09-07 18:07:33.199 checkDuplicateToken            --- TokenKey []  bankCode [VNPAY] vn.vnpay.preprocess.service.impl.PaymentServiceImpl : end checkDuplicateToken
2021-09-07 18:07:33.199 checkRealAmount                --- TokenKey []  bankCode [VNPAY] vn.vnpay.preprocess.service.impl.PaymentServiceImpl : begin checkRealAmount
2021-09-07 18:07:33.200 checkRealAmount                --- TokenKey []  bankCode [VNPAY] vn.vnpay.preprocess.service.impl.PaymentServiceImpl : end checkRealAmount
2021-09-07 18:07:33.200 checkPromotionCode             --- TokenKey []  bankCode [VNPAY] vn.vnpay.preprocess.service.impl.PaymentServiceImpl : begin checkPromotionCode
2021-09-07 18:07:33.201 checkPromotionCode             --- TokenKey []  bankCode [VNPAY] vn.vnpay.preprocess.service.impl.PaymentServiceImpl : end checkPromotionCode
2021-09-07 18:07:33.201 checkMatchCheckSum             --- TokenKey []  bankCode [VNPAY] vn.vnpay.preprocess.service.impl.PaymentServiceImpl : begin checkMatchCheckSum
2021-09-07 18:07:33.222 checkMatchCheckSum             --- TokenKey []  bankCode [VNPAY] vn.vnpay.preprocess.service.impl.PaymentServiceImpl : end checkMatchCheckSum
2021-09-07 18:07:33.222 checkValidPayment              --- TokenKey []  bankCode [VNPAY] vn.vnpay.preprocess.service.impl.PaymentServiceImpl : end checkValidPayment
2021-09-07 18:07:33.363 sendRabbitMQ                   --- TokenKey []  bankCode [VNPAY] vn.vnpay.preprocess.service.impl.PaymentServiceImpl : begin sendRabbitMQ
2021-09-07 18:09:28.361 executePayment                 --- TokenKey []  bankCode [] vn.vnpay.preprocess.service.impl.PaymentServiceImpl : begin executePayment
2021-09-07 18:09:28.375 checkValidPayment              --- TokenKey []  bankCode [] vn.vnpay.preprocess.service.impl.PaymentServiceImpl : begin checkValidPayment
2021-09-07 18:09:28.376 checkBankCode                  --- TokenKey []  bankCode [] vn.vnpay.preprocess.service.impl.PaymentServiceImpl : begin checkBankCode
2021-09-07 18:09:28.384 checkBankCode                  --- TokenKey []  bankCode [VNPAY] vn.vnpay.preprocess.service.impl.PaymentServiceImpl : end checkBankCode
2021-09-07 18:09:28.385 checkDuplicateToken            --- TokenKey []  bankCode [VNPAY] vn.vnpay.preprocess.service.impl.PaymentServiceImpl : begin checkDuplicateToken
2021-09-07 18:09:28.385 checkDuplicateToken            --- TokenKey []  bankCode [VNPAY] vn.vnpay.preprocess.service.impl.PaymentServiceImpl : end checkDuplicateToken
2021-09-07 18:09:28.386 checkRealAmount                --- TokenKey []  bankCode [VNPAY] vn.vnpay.preprocess.service.impl.PaymentServiceImpl : begin checkRealAmount
2021-09-07 18:09:28.386 checkRealAmount                --- TokenKey []  bankCode [VNPAY] vn.vnpay.preprocess.service.impl.PaymentServiceImpl : end checkRealAmount
2021-09-07 18:09:28.387 checkPromotionCode             --- TokenKey []  bankCode [VNPAY] vn.vnpay.preprocess.service.impl.PaymentServiceImpl : begin checkPromotionCode
2021-09-07 18:09:28.388 checkPromotionCode             --- TokenKey []  bankCode [VNPAY] vn.vnpay.preprocess.service.impl.PaymentServiceImpl : end checkPromotionCode
2021-09-07 18:09:28.389 checkMatchCheckSum             --- TokenKey []  bankCode [VNPAY] vn.vnpay.preprocess.service.impl.PaymentServiceImpl : begin checkMatchCheckSum
2021-09-07 18:09:59.792 executePayment                 --- TokenKey []  bankCode [] vn.vnpay.preprocess.service.impl.PaymentServiceImpl : begin executePayment
2021-09-07 18:09:59.803 checkValidPayment              --- TokenKey []  bankCode [] vn.vnpay.preprocess.service.impl.PaymentServiceImpl : begin checkValidPayment
2021-09-07 18:09:59.803 checkBankCode                  --- TokenKey []  bankCode [] vn.vnpay.preprocess.service.impl.PaymentServiceImpl : begin checkBankCode
2021-09-07 18:09:59.811 checkBankCode                  --- TokenKey []  bankCode [VNPAY] vn.vnpay.preprocess.service.impl.PaymentServiceImpl : end checkBankCode
2021-09-07 18:09:59.811 checkDuplicateToken            --- TokenKey []  bankCode [VNPAY] vn.vnpay.preprocess.service.impl.PaymentServiceImpl : begin checkDuplicateToken
2021-09-07 18:09:59.811 checkDuplicateToken            --- TokenKey []  bankCode [VNPAY] vn.vnpay.preprocess.service.impl.PaymentServiceImpl : end checkDuplicateToken
2021-09-07 18:09:59.811 checkRealAmount                --- TokenKey []  bankCode [VNPAY] vn.vnpay.preprocess.service.impl.PaymentServiceImpl : begin checkRealAmount
2021-09-07 18:09:59.812 checkRealAmount                --- TokenKey []  bankCode [VNPAY] vn.vnpay.preprocess.service.impl.PaymentServiceImpl : end checkRealAmount
2021-09-07 18:09:59.812 checkPromotionCode             --- TokenKey []  bankCode [VNPAY] vn.vnpay.preprocess.service.impl.PaymentServiceImpl : begin checkPromotionCode
2021-09-07 18:09:59.812 checkPromotionCode             --- TokenKey []  bankCode [VNPAY] vn.vnpay.preprocess.service.impl.PaymentServiceImpl : end checkPromotionCode
2021-09-07 18:09:59.814 checkMatchCheckSum             --- TokenKey []  bankCode [VNPAY] vn.vnpay.preprocess.service.impl.PaymentServiceImpl : begin checkMatchCheckSum
2021-09-07 18:09:59.952 executePayment                 --- TokenKey []  bankCode [VNPAY] vn.vnpay.preprocess.service.impl.PaymentServiceImpl : begin executePayment
2021-09-07 18:09:59.952 checkValidPayment              --- TokenKey []  bankCode [VNPAY] vn.vnpay.preprocess.service.impl.PaymentServiceImpl : begin checkValidPayment
2021-09-07 18:09:59.952 checkBankCode                  --- TokenKey []  bankCode [VNPAY] vn.vnpay.preprocess.service.impl.PaymentServiceImpl : begin checkBankCode
2021-09-07 18:09:59.952 checkBankCode                  --- TokenKey []  bankCode [VNPAY] vn.vnpay.preprocess.service.impl.PaymentServiceImpl : end checkBankCode
2021-09-07 18:09:59.952 checkDuplicateToken            --- TokenKey []  bankCode [VNPAY] vn.vnpay.preprocess.service.impl.PaymentServiceImpl : begin checkDuplicateToken
2021-09-07 18:09:59.953 checkDuplicateToken            --- TokenKey []  bankCode [VNPAY] vn.vnpay.preprocess.service.impl.PaymentServiceImpl : end checkDuplicateToken
2021-09-07 18:09:59.953 checkRealAmount                --- TokenKey []  bankCode [VNPAY] vn.vnpay.preprocess.service.impl.PaymentServiceImpl : begin checkRealAmount
2021-09-07 18:09:59.953 checkRealAmount                --- TokenKey []  bankCode [VNPAY] vn.vnpay.preprocess.service.impl.PaymentServiceImpl : end checkRealAmount
2021-09-07 18:09:59.953 checkPromotionCode             --- TokenKey []  bankCode [VNPAY] vn.vnpay.preprocess.service.impl.PaymentServiceImpl : begin checkPromotionCode
2021-09-07 18:09:59.987 executePayment                 --- TokenKey []  bankCode [VNPAY] vn.vnpay.preprocess.service.impl.PaymentServiceImpl : begin executePayment
2021-09-07 18:09:59.987 checkValidPayment              --- TokenKey []  bankCode [VNPAY] vn.vnpay.preprocess.service.impl.PaymentServiceImpl : begin checkValidPayment
2021-09-07 18:09:59.987 checkBankCode                  --- TokenKey []  bankCode [VNPAY] vn.vnpay.preprocess.service.impl.PaymentServiceImpl : begin checkBankCode
2021-09-07 18:09:59.987 checkBankCode                  --- TokenKey []  bankCode [VNPAY] vn.vnpay.preprocess.service.impl.PaymentServiceImpl : end checkBankCode
2021-09-07 18:09:59.987 checkDuplicateToken            --- TokenKey []  bankCode [VNPAY] vn.vnpay.preprocess.service.impl.PaymentServiceImpl : begin checkDuplicateToken
2021-09-07 18:09:59.989 checkDuplicateToken            --- TokenKey []  bankCode [VNPAY] vn.vnpay.preprocess.service.impl.PaymentServiceImpl : end checkDuplicateToken
2021-09-07 18:09:59.989 checkRealAmount                --- TokenKey []  bankCode [VNPAY] vn.vnpay.preprocess.service.impl.PaymentServiceImpl : begin checkRealAmount
2021-09-07 18:10:00.003 executePayment                 --- TokenKey []  bankCode [VNPAY] vn.vnpay.preprocess.service.impl.PaymentServiceImpl : begin executePayment
2021-09-07 18:10:00.004 checkValidPayment              --- TokenKey []  bankCode [VNPAY] vn.vnpay.preprocess.service.impl.PaymentServiceImpl : begin checkValidPayment
2021-09-07 18:10:00.004 checkBankCode                  --- TokenKey []  bankCode [VNPAY] vn.vnpay.preprocess.service.impl.PaymentServiceImpl : begin checkBankCode
2021-09-07 18:10:00.005 checkBankCode                  --- TokenKey []  bankCode [VNPAY] vn.vnpay.preprocess.service.impl.PaymentServiceImpl : end checkBankCode
2021-09-07 18:10:00.005 checkDuplicateToken            --- TokenKey []  bankCode [VNPAY] vn.vnpay.preprocess.service.impl.PaymentServiceImpl : begin checkDuplicateToken
2021-09-07 18:10:00.005 checkDuplicateToken            --- TokenKey []  bankCode [VNPAY] vn.vnpay.preprocess.service.impl.PaymentServiceImpl : end checkDuplicateToken
2021-09-07 18:10:00.005 checkRealAmount                --- TokenKey []  bankCode [VNPAY] vn.vnpay.preprocess.service.impl.PaymentServiceImpl : begin checkRealAmount
2021-09-07 18:10:00.005 checkRealAmount                --- TokenKey []  bankCode [VNPAY] vn.vnpay.preprocess.service.impl.PaymentServiceImpl : end checkRealAmount
2021-09-07 18:10:00.006 checkPromotionCode             --- TokenKey []  bankCode [VNPAY] vn.vnpay.preprocess.service.impl.PaymentServiceImpl : begin checkPromotionCode
2021-09-07 18:10:00.006 checkPromotionCode             --- TokenKey []  bankCode [VNPAY] vn.vnpay.preprocess.service.impl.PaymentServiceImpl : end checkPromotionCode
2021-09-07 18:10:00.006 checkMatchCheckSum             --- TokenKey []  bankCode [VNPAY] vn.vnpay.preprocess.service.impl.PaymentServiceImpl : begin checkMatchCheckSum
2021-09-07 18:10:00.007 checkMatchCheckSum             --- TokenKey []  bankCode [VNPAY] vn.vnpay.preprocess.service.impl.PaymentServiceImpl : end checkMatchCheckSum
2021-09-07 18:10:00.007 checkValidPayment              --- TokenKey []  bankCode [VNPAY] vn.vnpay.preprocess.service.impl.PaymentServiceImpl : end checkValidPayment
2021-09-07 18:10:00.142 sendRabbitMQ                   --- TokenKey []  bankCode [VNPAY] vn.vnpay.preprocess.service.impl.PaymentServiceImpl : begin sendRabbitMQ
2021-09-07 18:10:00.153 executePayment                 --- TokenKey []  bankCode [VNPAY] vn.vnpay.preprocess.service.impl.PaymentServiceImpl : begin executePayment
2021-09-07 18:10:00.153 checkValidPayment              --- TokenKey []  bankCode [VNPAY] vn.vnpay.preprocess.service.impl.PaymentServiceImpl : begin checkValidPayment
2021-09-07 18:10:00.153 checkBankCode                  --- TokenKey []  bankCode [VNPAY] vn.vnpay.preprocess.service.impl.PaymentServiceImpl : begin checkBankCode
2021-09-07 18:10:00.153 checkBankCode                  --- TokenKey []  bankCode [VNPAY] vn.vnpay.preprocess.service.impl.PaymentServiceImpl : end checkBankCode
2021-09-07 18:10:00.153 checkDuplicateToken            --- TokenKey []  bankCode [VNPAY] vn.vnpay.preprocess.service.impl.PaymentServiceImpl : begin checkDuplicateToken
2021-09-07 18:10:00.153 checkDuplicateToken            --- TokenKey []  bankCode [VNPAY] vn.vnpay.preprocess.service.impl.PaymentServiceImpl : end checkDuplicateToken
2021-09-07 18:10:00.153 checkRealAmount                --- TokenKey []  bankCode [VNPAY] vn.vnpay.preprocess.service.impl.PaymentServiceImpl : begin checkRealAmount
2021-09-07 18:10:00.155 checkRealAmount                --- TokenKey []  bankCode [VNPAY] vn.vnpay.preprocess.service.impl.PaymentServiceImpl : end checkRealAmount
2021-09-07 18:10:00.155 checkPromotionCode             --- TokenKey []  bankCode [VNPAY] vn.vnpay.preprocess.service.impl.PaymentServiceImpl : begin checkPromotionCode
2021-09-07 18:10:00.155 checkPromotionCode             --- TokenKey []  bankCode [VNPAY] vn.vnpay.preprocess.service.impl.PaymentServiceImpl : end checkPromotionCode
2021-09-07 18:10:00.155 checkMatchCheckSum             --- TokenKey []  bankCode [VNPAY] vn.vnpay.preprocess.service.impl.PaymentServiceImpl : begin checkMatchCheckSum
2021-09-07 18:10:00.155 checkMatchCheckSum             --- TokenKey []  bankCode [VNPAY] vn.vnpay.preprocess.service.impl.PaymentServiceImpl : end checkMatchCheckSum
2021-09-07 18:10:00.156 checkValidPayment              --- TokenKey []  bankCode [VNPAY] vn.vnpay.preprocess.service.impl.PaymentServiceImpl : end checkValidPayment
2021-09-07 18:10:00.156 sendRabbitMQ                   --- TokenKey []  bankCode [VNPAY] vn.vnpay.preprocess.service.impl.PaymentServiceImpl : begin sendRabbitMQ
2021-09-07 18:10:00.157 sendRabbitMQ                   --- TokenKey []  bankCode [VNPAY] vn.vnpay.preprocess.service.impl.PaymentServiceImpl : end sendRabbitMQ
2021-09-07 18:10:00.157 executePayment                 --- TokenKey []  bankCode [VNPAY] vn.vnpay.preprocess.service.impl.PaymentServiceImpl : end executePayment
2021-09-07 18:10:00.167 executePayment                 --- TokenKey []  bankCode [VNPAY] vn.vnpay.preprocess.service.impl.PaymentServiceImpl : begin executePayment
2021-09-07 18:10:00.167 checkValidPayment              --- TokenKey []  bankCode [VNPAY] vn.vnpay.preprocess.service.impl.PaymentServiceImpl : begin checkValidPayment
2021-09-07 18:10:00.167 checkBankCode                  --- TokenKey []  bankCode [VNPAY] vn.vnpay.preprocess.service.impl.PaymentServiceImpl : begin checkBankCode
2021-09-07 18:10:00.169 checkBankCode                  --- TokenKey []  bankCode [VNPAY] vn.vnpay.preprocess.service.impl.PaymentServiceImpl : end checkBankCode
2021-09-07 18:10:00.169 checkDuplicateToken            --- TokenKey []  bankCode [VNPAY] vn.vnpay.preprocess.service.impl.PaymentServiceImpl : begin checkDuplicateToken
2021-09-07 18:10:00.169 checkDuplicateToken            --- TokenKey []  bankCode [VNPAY] vn.vnpay.preprocess.service.impl.PaymentServiceImpl : end checkDuplicateToken
2021-09-07 18:10:00.169 checkRealAmount                --- TokenKey []  bankCode [VNPAY] vn.vnpay.preprocess.service.impl.PaymentServiceImpl : begin checkRealAmount
2021-09-07 18:10:00.170 checkRealAmount                --- TokenKey []  bankCode [VNPAY] vn.vnpay.preprocess.service.impl.PaymentServiceImpl : end checkRealAmount
2021-09-07 18:10:00.170 checkPromotionCode             --- TokenKey []  bankCode [VNPAY] vn.vnpay.preprocess.service.impl.PaymentServiceImpl : begin checkPromotionCode
2021-09-07 18:10:00.170 checkPromotionCode             --- TokenKey []  bankCode [VNPAY] vn.vnpay.preprocess.service.impl.PaymentServiceImpl : end checkPromotionCode
2021-09-07 18:10:00.170 checkMatchCheckSum             --- TokenKey []  bankCode [VNPAY] vn.vnpay.preprocess.service.impl.PaymentServiceImpl : begin checkMatchCheckSum
2021-09-07 18:10:00.170 checkMatchCheckSum             --- TokenKey []  bankCode [VNPAY] vn.vnpay.preprocess.service.impl.PaymentServiceImpl : end checkMatchCheckSum
2021-09-07 18:10:00.171 checkValidPayment              --- TokenKey []  bankCode [VNPAY] vn.vnpay.preprocess.service.impl.PaymentServiceImpl : end checkValidPayment
2021-09-07 18:10:00.171 sendRabbitMQ                   --- TokenKey []  bankCode [VNPAY] vn.vnpay.preprocess.service.impl.PaymentServiceImpl : begin sendRabbitMQ
2021-09-07 18:10:00.171 sendRabbitMQ                   --- TokenKey []  bankCode [VNPAY] vn.vnpay.preprocess.service.impl.PaymentServiceImpl : end sendRabbitMQ
2021-09-07 18:10:00.171 executePayment                 --- TokenKey []  bankCode [VNPAY] vn.vnpay.preprocess.service.impl.PaymentServiceImpl : end executePayment
2021-09-07 18:10:30.369 executePayment                 --- TokenKey []  bankCode [] vn.vnpay.preprocess.service.impl.PaymentServiceImpl : begin executePayment
2021-09-07 18:10:30.384 checkValidPayment              --- TokenKey []  bankCode [] vn.vnpay.preprocess.service.impl.PaymentServiceImpl : begin checkValidPayment
2021-09-07 18:10:30.385 checkBankCode                  --- TokenKey []  bankCode [] vn.vnpay.preprocess.service.impl.PaymentServiceImpl : begin checkBankCode
2021-09-07 18:10:30.392 checkBankCode                  --- TokenKey []  bankCode [VNPAY] vn.vnpay.preprocess.service.impl.PaymentServiceImpl : end checkBankCode
2021-09-07 18:10:30.394 checkDuplicateToken            --- TokenKey []  bankCode [VNPAY] vn.vnpay.preprocess.service.impl.PaymentServiceImpl : begin checkDuplicateToken
2021-09-07 18:10:30.395 checkDuplicateToken            --- TokenKey []  bankCode [VNPAY] vn.vnpay.preprocess.service.impl.PaymentServiceImpl : end checkDuplicateToken
2021-09-07 18:10:30.396 checkRealAmount                --- TokenKey []  bankCode [VNPAY] vn.vnpay.preprocess.service.impl.PaymentServiceImpl : begin checkRealAmount
2021-09-07 18:10:30.397 checkRealAmount                --- TokenKey []  bankCode [VNPAY] vn.vnpay.preprocess.service.impl.PaymentServiceImpl : end checkRealAmount
2021-09-07 18:10:30.397 checkPromotionCode             --- TokenKey []  bankCode [VNPAY] vn.vnpay.preprocess.service.impl.PaymentServiceImpl : begin checkPromotionCode
2021-09-07 18:10:30.398 checkPromotionCode             --- TokenKey []  bankCode [VNPAY] vn.vnpay.preprocess.service.impl.PaymentServiceImpl : end checkPromotionCode
2021-09-07 18:10:30.398 checkMatchCheckSum             --- TokenKey []  bankCode [VNPAY] vn.vnpay.preprocess.service.impl.PaymentServiceImpl : begin checkMatchCheckSum
2021-09-07 18:10:30.558 executePayment                 --- TokenKey []  bankCode [VNPAY] vn.vnpay.preprocess.service.impl.PaymentServiceImpl : begin executePayment
2021-09-07 18:10:30.559 checkValidPayment              --- TokenKey []  bankCode [VNPAY] vn.vnpay.preprocess.service.impl.PaymentServiceImpl : begin checkValidPayment
2021-09-07 18:10:30.559 checkBankCode                  --- TokenKey []  bankCode [VNPAY] vn.vnpay.preprocess.service.impl.PaymentServiceImpl : begin checkBankCode
2021-09-07 18:10:30.559 checkBankCode                  --- TokenKey []  bankCode [VNPAY] vn.vnpay.preprocess.service.impl.PaymentServiceImpl : end checkBankCode
2021-09-07 18:10:30.559 checkDuplicateToken            --- TokenKey []  bankCode [VNPAY] vn.vnpay.preprocess.service.impl.PaymentServiceImpl : begin checkDuplicateToken
2021-09-07 18:10:30.560 checkDuplicateToken            --- TokenKey []  bankCode [VNPAY] vn.vnpay.preprocess.service.impl.PaymentServiceImpl : end checkDuplicateToken
2021-09-07 18:10:30.560 checkRealAmount                --- TokenKey []  bankCode [VNPAY] vn.vnpay.preprocess.service.impl.PaymentServiceImpl : begin checkRealAmount
2021-09-07 18:10:30.560 checkRealAmount                --- TokenKey []  bankCode [VNPAY] vn.vnpay.preprocess.service.impl.PaymentServiceImpl : end checkRealAmount
2021-09-07 18:10:30.560 checkPromotionCode             --- TokenKey []  bankCode [VNPAY] vn.vnpay.preprocess.service.impl.PaymentServiceImpl : begin checkPromotionCode
2021-09-07 18:10:30.569 executePayment                 --- TokenKey []  bankCode [VNPAY] vn.vnpay.preprocess.service.impl.PaymentServiceImpl : begin executePayment
2021-09-07 18:10:30.570 checkValidPayment              --- TokenKey []  bankCode [VNPAY] vn.vnpay.preprocess.service.impl.PaymentServiceImpl : begin checkValidPayment
2021-09-07 18:10:30.570 checkBankCode                  --- TokenKey []  bankCode [VNPAY] vn.vnpay.preprocess.service.impl.PaymentServiceImpl : begin checkBankCode
2021-09-07 18:10:30.570 checkBankCode                  --- TokenKey []  bankCode [VNPAY] vn.vnpay.preprocess.service.impl.PaymentServiceImpl : end checkBankCode
2021-09-07 18:10:30.570 checkDuplicateToken            --- TokenKey []  bankCode [VNPAY] vn.vnpay.preprocess.service.impl.PaymentServiceImpl : begin checkDuplicateToken
2021-09-07 18:10:30.571 checkDuplicateToken            --- TokenKey []  bankCode [VNPAY] vn.vnpay.preprocess.service.impl.PaymentServiceImpl : end checkDuplicateToken
2021-09-07 18:10:30.571 checkRealAmount                --- TokenKey []  bankCode [VNPAY] vn.vnpay.preprocess.service.impl.PaymentServiceImpl : begin checkRealAmount
2021-09-07 18:10:30.580 executePayment                 --- TokenKey []  bankCode [VNPAY] vn.vnpay.preprocess.service.impl.PaymentServiceImpl : begin executePayment
2021-09-07 18:10:30.581 checkValidPayment              --- TokenKey []  bankCode [VNPAY] vn.vnpay.preprocess.service.impl.PaymentServiceImpl : begin checkValidPayment
2021-09-07 18:10:30.581 checkBankCode                  --- TokenKey []  bankCode [VNPAY] vn.vnpay.preprocess.service.impl.PaymentServiceImpl : begin checkBankCode
2021-09-07 18:10:30.582 checkBankCode                  --- TokenKey []  bankCode [VNPAY] vn.vnpay.preprocess.service.impl.PaymentServiceImpl : end checkBankCode
2021-09-07 18:10:30.582 checkDuplicateToken            --- TokenKey []  bankCode [VNPAY] vn.vnpay.preprocess.service.impl.PaymentServiceImpl : begin checkDuplicateToken
2021-09-07 18:10:30.583 checkDuplicateToken            --- TokenKey []  bankCode [VNPAY] vn.vnpay.preprocess.service.impl.PaymentServiceImpl : end checkDuplicateToken
2021-09-07 18:10:30.584 checkRealAmount                --- TokenKey []  bankCode [VNPAY] vn.vnpay.preprocess.service.impl.PaymentServiceImpl : begin checkRealAmount
2021-09-07 18:10:30.584 checkRealAmount                --- TokenKey []  bankCode [VNPAY] vn.vnpay.preprocess.service.impl.PaymentServiceImpl : end checkRealAmount
2021-09-07 18:10:30.585 checkPromotionCode             --- TokenKey []  bankCode [VNPAY] vn.vnpay.preprocess.service.impl.PaymentServiceImpl : begin checkPromotionCode
2021-09-07 18:10:30.585 checkPromotionCode             --- TokenKey []  bankCode [VNPAY] vn.vnpay.preprocess.service.impl.PaymentServiceImpl : end checkPromotionCode
2021-09-07 18:10:30.585 checkMatchCheckSum             --- TokenKey []  bankCode [VNPAY] vn.vnpay.preprocess.service.impl.PaymentServiceImpl : begin checkMatchCheckSum
2021-09-07 18:10:30.586 checkMatchCheckSum             --- TokenKey []  bankCode [VNPAY] vn.vnpay.preprocess.service.impl.PaymentServiceImpl : end checkMatchCheckSum
2021-09-07 18:10:30.587 checkValidPayment              --- TokenKey []  bankCode [VNPAY] vn.vnpay.preprocess.service.impl.PaymentServiceImpl : end checkValidPayment
2021-09-07 18:10:30.717 sendRabbitMQ                   --- TokenKey []  bankCode [VNPAY] vn.vnpay.preprocess.service.impl.PaymentServiceImpl : begin sendRabbitMQ
2021-09-07 18:10:30.726 executePayment                 --- TokenKey []  bankCode [VNPAY] vn.vnpay.preprocess.service.impl.PaymentServiceImpl : begin executePayment
2021-09-07 18:10:30.726 checkValidPayment              --- TokenKey []  bankCode [VNPAY] vn.vnpay.preprocess.service.impl.PaymentServiceImpl : begin checkValidPayment
2021-09-07 18:10:30.726 checkBankCode                  --- TokenKey []  bankCode [VNPAY] vn.vnpay.preprocess.service.impl.PaymentServiceImpl : begin checkBankCode
2021-09-07 18:10:30.727 checkBankCode                  --- TokenKey []  bankCode [VNPAY] vn.vnpay.preprocess.service.impl.PaymentServiceImpl : end checkBankCode
2021-09-07 18:10:30.727 checkDuplicateToken            --- TokenKey []  bankCode [VNPAY] vn.vnpay.preprocess.service.impl.PaymentServiceImpl : begin checkDuplicateToken
2021-09-07 18:10:30.727 checkDuplicateToken            --- TokenKey []  bankCode [VNPAY] vn.vnpay.preprocess.service.impl.PaymentServiceImpl : end checkDuplicateToken
2021-09-07 18:10:30.727 checkRealAmount                --- TokenKey []  bankCode [VNPAY] vn.vnpay.preprocess.service.impl.PaymentServiceImpl : begin checkRealAmount
2021-09-07 18:10:30.728 checkRealAmount                --- TokenKey []  bankCode [VNPAY] vn.vnpay.preprocess.service.impl.PaymentServiceImpl : end checkRealAmount
2021-09-07 18:10:30.728 checkPromotionCode             --- TokenKey []  bankCode [VNPAY] vn.vnpay.preprocess.service.impl.PaymentServiceImpl : begin checkPromotionCode
2021-09-07 18:10:30.728 checkPromotionCode             --- TokenKey []  bankCode [VNPAY] vn.vnpay.preprocess.service.impl.PaymentServiceImpl : end checkPromotionCode
2021-09-07 18:10:30.729 checkMatchCheckSum             --- TokenKey []  bankCode [VNPAY] vn.vnpay.preprocess.service.impl.PaymentServiceImpl : begin checkMatchCheckSum
2021-09-07 18:10:30.730 checkMatchCheckSum             --- TokenKey []  bankCode [VNPAY] vn.vnpay.preprocess.service.impl.PaymentServiceImpl : end checkMatchCheckSum
2021-09-07 18:10:30.730 checkValidPayment              --- TokenKey []  bankCode [VNPAY] vn.vnpay.preprocess.service.impl.PaymentServiceImpl : end checkValidPayment
2021-09-07 18:10:30.731 sendRabbitMQ                   --- TokenKey []  bankCode [VNPAY] vn.vnpay.preprocess.service.impl.PaymentServiceImpl : begin sendRabbitMQ
2021-09-07 18:10:30.731 sendRabbitMQ                   --- TokenKey []  bankCode [VNPAY] vn.vnpay.preprocess.service.impl.PaymentServiceImpl : end sendRabbitMQ
2021-09-07 18:10:30.732 executePayment                 --- TokenKey []  bankCode [VNPAY] vn.vnpay.preprocess.service.impl.PaymentServiceImpl : end executePayment
2021-09-07 18:10:30.740 executePayment                 --- TokenKey []  bankCode [VNPAY] vn.vnpay.preprocess.service.impl.PaymentServiceImpl : begin executePayment
2021-09-07 18:10:30.740 checkValidPayment              --- TokenKey []  bankCode [VNPAY] vn.vnpay.preprocess.service.impl.PaymentServiceImpl : begin checkValidPayment
2021-09-07 18:10:30.741 checkBankCode                  --- TokenKey []  bankCode [VNPAY] vn.vnpay.preprocess.service.impl.PaymentServiceImpl : begin checkBankCode
2021-09-07 18:10:30.741 checkBankCode                  --- TokenKey []  bankCode [VNPAY] vn.vnpay.preprocess.service.impl.PaymentServiceImpl : end checkBankCode
2021-09-07 18:10:30.741 checkDuplicateToken            --- TokenKey []  bankCode [VNPAY] vn.vnpay.preprocess.service.impl.PaymentServiceImpl : begin checkDuplicateToken
2021-09-07 18:10:30.742 checkDuplicateToken            --- TokenKey []  bankCode [VNPAY] vn.vnpay.preprocess.service.impl.PaymentServiceImpl : end checkDuplicateToken
2021-09-07 18:10:30.742 checkRealAmount                --- TokenKey []  bankCode [VNPAY] vn.vnpay.preprocess.service.impl.PaymentServiceImpl : begin checkRealAmount
2021-09-07 18:10:30.742 checkRealAmount                --- TokenKey []  bankCode [VNPAY] vn.vnpay.preprocess.service.impl.PaymentServiceImpl : end checkRealAmount
2021-09-07 18:10:30.743 checkPromotionCode             --- TokenKey []  bankCode [VNPAY] vn.vnpay.preprocess.service.impl.PaymentServiceImpl : begin checkPromotionCode
2021-09-07 18:10:30.743 checkPromotionCode             --- TokenKey []  bankCode [VNPAY] vn.vnpay.preprocess.service.impl.PaymentServiceImpl : end checkPromotionCode
2021-09-07 18:10:30.743 checkMatchCheckSum             --- TokenKey []  bankCode [VNPAY] vn.vnpay.preprocess.service.impl.PaymentServiceImpl : begin checkMatchCheckSum
2021-09-07 18:10:30.744 checkMatchCheckSum             --- TokenKey []  bankCode [VNPAY] vn.vnpay.preprocess.service.impl.PaymentServiceImpl : end checkMatchCheckSum
2021-09-07 18:10:30.744 checkValidPayment              --- TokenKey []  bankCode [VNPAY] vn.vnpay.preprocess.service.impl.PaymentServiceImpl : end checkValidPayment
2021-09-07 18:10:30.744 sendRabbitMQ                   --- TokenKey []  bankCode [VNPAY] vn.vnpay.preprocess.service.impl.PaymentServiceImpl : begin sendRabbitMQ
2021-09-07 18:10:30.745 sendRabbitMQ                   --- TokenKey []  bankCode [VNPAY] vn.vnpay.preprocess.service.impl.PaymentServiceImpl : end sendRabbitMQ
2021-09-07 18:10:30.745 executePayment                 --- TokenKey []  bankCode [VNPAY] vn.vnpay.preprocess.service.impl.PaymentServiceImpl : end executePayment
2021-09-08 09:59:36.729 executePayment                 --- TokenKey []  bankCode [] vn.vnpay.preprocess.service.impl.PaymentServiceImpl : begin executePayment
2021-09-08 09:59:36.747 checkValidPayment              --- TokenKey []  bankCode [] vn.vnpay.preprocess.service.impl.PaymentServiceImpl : begin checkValidPayment
2021-09-08 09:59:36.748 checkBankCode                  --- TokenKey []  bankCode [] vn.vnpay.preprocess.service.impl.PaymentServiceImpl : begin checkBankCode
2021-09-08 10:00:05.619 executePayment                 --- TokenKey []  bankCode [] vn.vnpay.preprocess.service.impl.PaymentServiceImpl : begin executePayment
2021-09-08 10:00:05.635 checkValidPayment              --- TokenKey []  bankCode [] vn.vnpay.preprocess.service.impl.PaymentServiceImpl : begin checkValidPayment
2021-09-08 10:00:05.636 checkBankCode                  --- TokenKey []  bankCode [] vn.vnpay.preprocess.service.impl.PaymentServiceImpl : begin checkBankCode
2021-09-08 10:00:17.538 executePayment                 --- TokenKey []  bankCode [] vn.vnpay.preprocess.service.impl.PaymentServiceImpl : begin executePayment
2021-09-08 10:00:17.554 checkValidPayment              --- TokenKey []  bankCode [] vn.vnpay.preprocess.service.impl.PaymentServiceImpl : begin checkValidPayment
2021-09-08 10:00:17.555 checkBankCode                  --- TokenKey []  bankCode [] vn.vnpay.preprocess.service.impl.PaymentServiceImpl : begin checkBankCode
2021-09-08 10:01:34.456 executePayment                 --- TokenKey []  bankCode [] vn.vnpay.preprocess.service.impl.PaymentServiceImpl : begin executePayment
2021-09-08 10:01:34.474 checkValidPayment              --- TokenKey []  bankCode [] vn.vnpay.preprocess.service.impl.PaymentServiceImpl : begin checkValidPayment
2021-09-08 10:01:34.475 checkBankCode                  --- TokenKey []  bankCode [] vn.vnpay.preprocess.service.impl.PaymentServiceImpl : begin checkBankCode
2021-09-08 10:02:08.108 executePayment                 --- TokenKey []  bankCode [] vn.vnpay.preprocess.service.impl.PaymentServiceImpl : begin executePayment
2021-09-08 10:02:08.125 checkValidPayment              --- TokenKey []  bankCode [] vn.vnpay.preprocess.service.impl.PaymentServiceImpl : begin checkValidPayment
2021-09-08 10:02:08.125 checkBankCode                  --- TokenKey []  bankCode [] vn.vnpay.preprocess.service.impl.PaymentServiceImpl : begin checkBankCode
2021-09-08 10:02:51.353 executePayment                 --- TokenKey []  bankCode [] vn.vnpay.preprocess.service.impl.PaymentServiceImpl : begin executePayment
2021-09-08 10:02:51.368 checkValidPayment              --- TokenKey []  bankCode [] vn.vnpay.preprocess.service.impl.PaymentServiceImpl : begin checkValidPayment
2021-09-08 10:02:51.369 checkBankCode                  --- TokenKey []  bankCode [] vn.vnpay.preprocess.service.impl.PaymentServiceImpl : begin checkBankCode
2021-09-08 10:11:16.157 executePayment                 --- TokenKey []  bankCode [] vn.vnpay.preprocess.service.impl.PaymentServiceImpl : begin executePayment
2021-09-08 10:11:16.178 checkValidPayment              --- TokenKey []  bankCode [] vn.vnpay.preprocess.service.impl.PaymentServiceImpl : begin checkValidPayment
2021-09-08 10:11:16.179 checkBankCode                  --- TokenKey []  bankCode [] vn.vnpay.preprocess.service.impl.PaymentServiceImpl : begin checkBankCode
2021-09-08 10:11:16.193 checkBankCode                  --- TokenKey []  bankCode [VNPAY] vn.vnpay.preprocess.service.impl.PaymentServiceImpl : end checkBankCode
2021-09-08 10:11:16.193 checkDuplicateToken            --- TokenKey []  bankCode [VNPAY] vn.vnpay.preprocess.service.impl.PaymentServiceImpl : begin checkDuplicateToken
2021-09-08 10:11:16.194 checkDuplicateToken            --- TokenKey []  bankCode [VNPAY] vn.vnpay.preprocess.service.impl.PaymentServiceImpl : end checkDuplicateToken
2021-09-08 10:11:16.195 checkRealAmount                --- TokenKey []  bankCode [VNPAY] vn.vnpay.preprocess.service.impl.PaymentServiceImpl : begin checkRealAmount
2021-09-08 10:11:16.196 checkRealAmount                --- TokenKey []  bankCode [VNPAY] vn.vnpay.preprocess.service.impl.PaymentServiceImpl : end checkRealAmount
2021-09-08 10:11:16.197 checkPromotionCode             --- TokenKey []  bankCode [VNPAY] vn.vnpay.preprocess.service.impl.PaymentServiceImpl : begin checkPromotionCode
2021-09-08 10:11:16.197 checkPromotionCode             --- TokenKey []  bankCode [VNPAY] vn.vnpay.preprocess.service.impl.PaymentServiceImpl : end checkPromotionCode
2021-09-08 10:11:16.198 checkMatchCheckSum             --- TokenKey []  bankCode [VNPAY] vn.vnpay.preprocess.service.impl.PaymentServiceImpl : begin checkMatchCheckSum
2021-09-08 10:11:16.226 checkMatchCheckSum             --- TokenKey []  bankCode [VNPAY] vn.vnpay.preprocess.service.impl.PaymentServiceImpl : end checkMatchCheckSum
2021-09-08 10:11:16.226 checkValidPayment              --- TokenKey []  bankCode [VNPAY] vn.vnpay.preprocess.service.impl.PaymentServiceImpl : end checkValidPayment
2021-09-08 10:11:16.427 sendRabbitMQ                   --- TokenKey []  bankCode [VNPAY] vn.vnpay.preprocess.service.impl.PaymentServiceImpl : begin sendRabbitMQ
2021-09-08 10:11:16.429 sendRabbitMQ                   --- TokenKey []  bankCode [VNPAY] vn.vnpay.preprocess.service.impl.PaymentServiceImpl : end sendRabbitMQ
2021-09-08 10:11:16.429 executePayment                 --- TokenKey []  bankCode [VNPAY] vn.vnpay.preprocess.service.impl.PaymentServiceImpl : end executePayment
2021-09-08 10:15:59.412 checkRealAmount                --- TokenKey []  bankCode [] vn.vnpay.preprocess.service.impl.PaymentServiceImpl : begin checkRealAmount
2021-09-08 10:15:59.682 checkMatchCheckSum             --- TokenKey []  bankCode [] vn.vnpay.preprocess.service.impl.PaymentServiceImpl : begin checkMatchCheckSum
2021-09-08 10:15:59.702 executePayment                 --- TokenKey []  bankCode [] vn.vnpay.preprocess.service.impl.PaymentServiceImpl : begin executePayment
2021-09-08 10:15:59.702 checkValidPayment              --- TokenKey []  bankCode [] vn.vnpay.preprocess.service.impl.PaymentServiceImpl : begin checkValidPayment
2021-09-08 10:15:59.703 checkBankCode                  --- TokenKey []  bankCode [] vn.vnpay.preprocess.service.impl.PaymentServiceImpl : begin checkBankCode
2021-09-08 10:15:59.706 checkBankCode                  --- TokenKey []  bankCode [VNPAY] vn.vnpay.preprocess.service.impl.PaymentServiceImpl : end checkBankCode
2021-09-08 10:15:59.706 checkDuplicateToken            --- TokenKey []  bankCode [VNPAY] vn.vnpay.preprocess.service.impl.PaymentServiceImpl : begin checkDuplicateToken
2021-09-08 10:15:59.707 checkDuplicateToken            --- TokenKey []  bankCode [VNPAY] vn.vnpay.preprocess.service.impl.PaymentServiceImpl : end checkDuplicateToken
2021-09-08 10:15:59.708 checkRealAmount                --- TokenKey []  bankCode [VNPAY] vn.vnpay.preprocess.service.impl.PaymentServiceImpl : begin checkRealAmount
2021-09-08 10:15:59.708 checkRealAmount                --- TokenKey []  bankCode [VNPAY] vn.vnpay.preprocess.service.impl.PaymentServiceImpl : end checkRealAmount
2021-09-08 10:15:59.709 checkPromotionCode             --- TokenKey []  bankCode [VNPAY] vn.vnpay.preprocess.service.impl.PaymentServiceImpl : begin checkPromotionCode
2021-09-08 10:15:59.709 checkPromotionCode             --- TokenKey []  bankCode [VNPAY] vn.vnpay.preprocess.service.impl.PaymentServiceImpl : end checkPromotionCode
2021-09-08 10:15:59.711 checkMatchCheckSum             --- TokenKey []  bankCode [VNPAY] vn.vnpay.preprocess.service.impl.PaymentServiceImpl : begin checkMatchCheckSum
2021-09-08 10:15:59.713 checkMatchCheckSum             --- TokenKey []  bankCode [VNPAY] vn.vnpay.preprocess.service.impl.PaymentServiceImpl : end checkMatchCheckSum
2021-09-08 10:15:59.713 checkValidPayment              --- TokenKey []  bankCode [VNPAY] vn.vnpay.preprocess.service.impl.PaymentServiceImpl : end checkValidPayment
2021-09-08 10:15:59.854 sendRabbitMQ                   --- TokenKey []  bankCode [VNPAY] vn.vnpay.preprocess.service.impl.PaymentServiceImpl : begin sendRabbitMQ
2021-09-08 10:15:59.866 executePayment                 --- TokenKey []  bankCode [VNPAY] vn.vnpay.preprocess.service.impl.PaymentServiceImpl : begin executePayment
2021-09-08 10:15:59.867 checkValidPayment              --- TokenKey []  bankCode [VNPAY] vn.vnpay.preprocess.service.impl.PaymentServiceImpl : begin checkValidPayment
2021-09-08 10:15:59.868 checkBankCode                  --- TokenKey []  bankCode [VNPAY] vn.vnpay.preprocess.service.impl.PaymentServiceImpl : begin checkBankCode
2021-09-08 10:15:59.869 checkBankCode                  --- TokenKey []  bankCode [VNPAY] vn.vnpay.preprocess.service.impl.PaymentServiceImpl : end checkBankCode
2021-09-08 10:15:59.869 checkDuplicateToken            --- TokenKey []  bankCode [VNPAY] vn.vnpay.preprocess.service.impl.PaymentServiceImpl : begin checkDuplicateToken
2021-09-08 10:15:59.870 checkDuplicateToken            --- TokenKey []  bankCode [VNPAY] vn.vnpay.preprocess.service.impl.PaymentServiceImpl : end checkDuplicateToken
2021-09-08 10:15:59.871 checkRealAmount                --- TokenKey []  bankCode [VNPAY] vn.vnpay.preprocess.service.impl.PaymentServiceImpl : begin checkRealAmount
2021-09-08 10:15:59.871 checkRealAmount                --- TokenKey []  bankCode [VNPAY] vn.vnpay.preprocess.service.impl.PaymentServiceImpl : end checkRealAmount
2021-09-08 10:15:59.872 checkPromotionCode             --- TokenKey []  bankCode [VNPAY] vn.vnpay.preprocess.service.impl.PaymentServiceImpl : begin checkPromotionCode
2021-09-08 10:15:59.872 checkPromotionCode             --- TokenKey []  bankCode [VNPAY] vn.vnpay.preprocess.service.impl.PaymentServiceImpl : end checkPromotionCode
2021-09-08 10:15:59.873 checkMatchCheckSum             --- TokenKey []  bankCode [VNPAY] vn.vnpay.preprocess.service.impl.PaymentServiceImpl : begin checkMatchCheckSum
2021-09-08 10:15:59.874 checkMatchCheckSum             --- TokenKey []  bankCode [VNPAY] vn.vnpay.preprocess.service.impl.PaymentServiceImpl : end checkMatchCheckSum
2021-09-08 10:15:59.874 checkValidPayment              --- TokenKey []  bankCode [VNPAY] vn.vnpay.preprocess.service.impl.PaymentServiceImpl : end checkValidPayment
2021-09-08 10:15:59.875 sendRabbitMQ                   --- TokenKey []  bankCode [VNPAY] vn.vnpay.preprocess.service.impl.PaymentServiceImpl : begin sendRabbitMQ
2021-09-08 10:15:59.875 sendRabbitMQ                   --- TokenKey []  bankCode [VNPAY] vn.vnpay.preprocess.service.impl.PaymentServiceImpl : end sendRabbitMQ
2021-09-08 10:15:59.876 executePayment                 --- TokenKey []  bankCode [VNPAY] vn.vnpay.preprocess.service.impl.PaymentServiceImpl : end executePayment
2021-09-08 10:15:59.887 executePayment                 --- TokenKey []  bankCode [VNPAY] vn.vnpay.preprocess.service.impl.PaymentServiceImpl : begin executePayment
2021-09-08 10:15:59.887 checkValidPayment              --- TokenKey []  bankCode [VNPAY] vn.vnpay.preprocess.service.impl.PaymentServiceImpl : begin checkValidPayment
2021-09-08 10:15:59.888 checkBankCode                  --- TokenKey []  bankCode [VNPAY] vn.vnpay.preprocess.service.impl.PaymentServiceImpl : begin checkBankCode
2021-09-08 10:15:59.888 checkBankCode                  --- TokenKey []  bankCode [VNPAY] vn.vnpay.preprocess.service.impl.PaymentServiceImpl : end checkBankCode
2021-09-08 10:15:59.889 checkDuplicateToken            --- TokenKey []  bankCode [VNPAY] vn.vnpay.preprocess.service.impl.PaymentServiceImpl : begin checkDuplicateToken
2021-09-08 10:15:59.889 checkDuplicateToken            --- TokenKey []  bankCode [VNPAY] vn.vnpay.preprocess.service.impl.PaymentServiceImpl : end checkDuplicateToken
2021-09-08 10:15:59.890 checkRealAmount                --- TokenKey []  bankCode [VNPAY] vn.vnpay.preprocess.service.impl.PaymentServiceImpl : begin checkRealAmount
2021-09-08 10:15:59.890 checkRealAmount                --- TokenKey []  bankCode [VNPAY] vn.vnpay.preprocess.service.impl.PaymentServiceImpl : end checkRealAmount
2021-09-08 10:15:59.890 checkPromotionCode             --- TokenKey []  bankCode [VNPAY] vn.vnpay.preprocess.service.impl.PaymentServiceImpl : begin checkPromotionCode
2021-09-08 10:15:59.891 checkPromotionCode             --- TokenKey []  bankCode [VNPAY] vn.vnpay.preprocess.service.impl.PaymentServiceImpl : end checkPromotionCode
2021-09-08 10:15:59.891 checkMatchCheckSum             --- TokenKey []  bankCode [VNPAY] vn.vnpay.preprocess.service.impl.PaymentServiceImpl : begin checkMatchCheckSum
2021-09-08 10:15:59.892 checkMatchCheckSum             --- TokenKey []  bankCode [VNPAY] vn.vnpay.preprocess.service.impl.PaymentServiceImpl : end checkMatchCheckSum
2021-09-08 10:15:59.892 checkValidPayment              --- TokenKey []  bankCode [VNPAY] vn.vnpay.preprocess.service.impl.PaymentServiceImpl : end checkValidPayment
2021-09-08 10:15:59.892 sendRabbitMQ                   --- TokenKey []  bankCode [VNPAY] vn.vnpay.preprocess.service.impl.PaymentServiceImpl : begin sendRabbitMQ
2021-09-08 10:15:59.893 sendRabbitMQ                   --- TokenKey []  bankCode [VNPAY] vn.vnpay.preprocess.service.impl.PaymentServiceImpl : end sendRabbitMQ
2021-09-08 10:15:59.894 executePayment                 --- TokenKey []  bankCode [VNPAY] vn.vnpay.preprocess.service.impl.PaymentServiceImpl : end executePayment
2021-09-08 10:15:59.908 checkPromotionCode             --- TokenKey []  bankCode [VNPAY] vn.vnpay.preprocess.service.impl.PaymentServiceImpl : begin checkPromotionCode
